<?xml version="1.0" encoding="UTF-8"?>
<testng-results skipped="0" failed="0" ignored="0" total="1" passed="1">
  <reporter-output>
  </reporter-output>
  <suite name="Default suite" duration-ms="35540" started-at="2018-07-09T18:46:00Z" finished-at="2018-07-09T18:46:35Z">
    <groups>
      <group name="cucumber">
        <method signature="AbstractTestNGCucumberTests.feature(cucumber.api.testng.CucumberFeatureWrapper)[pri:0, instance:com.hellofresh.runner.Runner$runner@13a5fe33]" name="feature" class="cucumber.api.testng.AbstractTestNGCucumberTests"/>
      </group> <!-- cucumber -->
    </groups>
    <test name="Default test" duration-ms="35540" started-at="2018-07-09T18:46:00Z" finished-at="2018-07-09T18:46:35Z">
      <class name="com.hellofresh.runner.Runner$runner">
        <test-method status="PASS" signature="setUpClass()[pri:0, instance:com.hellofresh.runner.Runner$runner@13a5fe33]" name="setUpClass" is-config="true" duration-ms="176" started-at="2018-07-09T18:46:00Z" finished-at="2018-07-09T18:46:00Z">
          <reporter-output>
          </reporter-output>
        </test-method> <!-- setUpClass -->
        <test-method status="PASS" signature="feature(cucumber.api.testng.CucumberFeatureWrapper)[pri:0, instance:com.hellofresh.runner.Runner$runner@13a5fe33]" name="feature" duration-ms="35266" started-at="2018-07-09T18:46:00Z" description="Runs Cucumber Feature" data-provider="features" finished-at="2018-07-09T18:46:35Z">
          <params>
            <param index="0">
              <value>
                <![CDATA[Challenge]]>
              </value>
            </param>
          </params>
          <reporter-output>
          </reporter-output>
        </test-method> <!-- feature -->
        <test-method status="PASS" signature="tearDownClass()[pri:0, instance:com.hellofresh.runner.Runner$runner@13a5fe33]" name="tearDownClass" is-config="true" duration-ms="9" started-at="2018-07-09T18:46:35Z" finished-at="2018-07-09T18:46:35Z">
          <reporter-output>
          </reporter-output>
        </test-method> <!-- tearDownClass -->
      </class> <!-- com.hellofresh.runner.Runner$runner -->
    </test> <!-- Default test -->
  </suite> <!-- Default suite -->
</testng-results>
